Logg started: Sun May  3 10:21:43 2020
 =============== Starting simulation =============== 
+++ Starting core 1 +++
+++ Starting core 2 +++
+++ Starting core 0 +++
core 1, cycle 0: writting 392 to memory
+++ Starting core 3 +++
core 2, cycle 0: processing
core 0, cycle 0: processing
 └─> data written to 0x7
core 1, cycle 1: processing
core 3, cycle 0: reading 0x1 from memory
 └─> data found on level 2
core 3, cycle 1: writting 12 to memory
 └─> data written to 0x7
+++ UD updated status of 0x7 in l2a +++
+++ UD updated status of 0x7 in l1b +++
core 3, cycle 2: processing
core 2, cycle 1: reading 0x9 from memory
 └─> data found on level 2
core 2, cycle 2: processing
core 1, cycle 2: writting 905 to memory
 └─> data written to 0x6
core 2, cycle 3: processing
core 1, cycle 3: processing
core 0, cycle 1: reading 0x13 from memory
 └─> data found on level 2
core 0, cycle 2: writting 243 to memory
 └─> data written to 0x9
+++ UD updated status of 0x9 in l2b +++
+++ UD updated status of 0x9 in l1c +++
core 2, cycle 4: writting 168 to memory
 └─> data written to 0x10
core 2, cycle 5: writting 257 to memory
 └─> data written to 0x11
core 2, cycle 6: processing
core 3, cycle 3: writting 138 to memory
 └─> data written to 0x0
core 2, cycle 7: processing
core 3, cycle 4: writting 576 to memory
 └─> data written to 0x4
core 3, cycle 5: processing
core 1, cycle 4: writting 671 to memory
 └─> data written to 0x6
core 1, cycle 5: writting 914 to memory
 └─> data written to 0x9
+++ UD updated status of 0x9 in l2b +++
+++ UD updated status of 0x9 in l1a +++
core 0, cycle 3: reading 0x10 from memory
 └─> data found on level 2
core 0, cycle 4: writting 133 to memory
 └─> data written to 0x9
+++ UD updated status of 0x9 in l2b +++
+++ UD updated status of 0x9 in l1b +++
core 2, cycle 8: writting 778 to memory
 └─> data written to 0x15
core 2, cycle 9: processing
core 1, cycle 6: reading 0x12 from memory
 └─> data found on level 2
core 1, cycle 7: processing
core 3, cycle 6: reading 0x3 from memory
 └─> data found on level 1
core 1, cycle 8: processing
core 1, cycle 9: processing
core 0, cycle 5: reading 0x15 from memory
 └─> data found on level 2
core 3, cycle 7: reading 0x11 from memory
 └─> data found on level 1
core 3, cycle 8: processing
core 0, cycle 6: reading 0x2 from memory
 └─> data found on level 2
core 0, cycle 7: processing
core 3, cycle 9: reading 0x1 from memory
 └─> data found on level 2
core 0, cycle 8: reading 0x15 from memory
 └─> data found on level 0
core 0, cycle 9: writting 225 to memory
 └─> data written to 0x4
+++ UD updated status of 0x4 in l2b +++
+++ UD updated status of 0x4 in l1d +++
